<?xml version="1.0" encoding="UTF-8"?>
<testsuite xmlns:xsi="http://www.w3.org/2001/XMLSchema-instance" xsi:noNamespaceSchemaLocation="https://maven.apache.org/surefire/maven-surefire-plugin/xsd/surefire-test-report-3.0.xsd" version="3.0" name="EngineServerImplTest" time="0.763" tests="4" errors="4" skipped="0" failures="0">
  <properties>
[...]
</properties>
  <testcase name="testHandleStatus_Success" classname="EngineServerImplTest" time="0.703">
    <error message="class EngineServerImplTest cannot access a member of class api.EngineServerImpl with modifiers &quot;protected&quot;" type="java.lang.IllegalAccessException"><![CDATA[java.lang.IllegalAccessException: class EngineServerImplTest cannot access a member of class api.EngineServerImpl with modifiers "protected"
	at java.base/jdk.internal.reflect.Reflection.newIllegalAccessException(Reflection.java:394)
	at java.base/java.lang.reflect.AccessibleObject.checkAccess(AccessibleObject.java:714)
	at java.base/java.lang.reflect.Method.invoke(Method.java:571)
	at EngineServerImplTest.testHandleStatus_Success(EngineServerImplTest.java:81)
	at java.base/java.lang.reflect.Method.invoke(Method.java:580)
	at java.base/java.util.ArrayList.forEach(ArrayList.java:1596)
	at java.base/java.util.ArrayList.forEach(ArrayList.java:1596)
]]></error>
    <system-err><![CDATA[Mockito is currently self-attaching to enable the inline-mock-maker. This will no longer work in future releases of the JDK. Please add Mockito as an agent to your build what is described in Mockito's documentation: https://javadoc.io/doc/org.mockito/mockito-core/latest/org/mockito/Mockito.html#0.3
WARNING: A Java agent has been loaded dynamically (C:\Users\degl\.m2\repository\net\bytebuddy\byte-buddy-agent\1.15.4\byte-buddy-agent-1.15.4.jar)
WARNING: If a serviceability tool is in use, please run with -XX:+EnableDynamicAgentLoading to hide this warning
WARNING: If a serviceability tool is not in use, please run with -Djdk.instrument.traceUsage for more information
WARNING: Dynamic loading of agents will be disallowed by default in a future release
]]></system-err>
  </testcase>
  <testcase name="testHandleStart_MethodNotAllowed" classname="EngineServerImplTest" time="0.01">
    <error message="class EngineServerImplTest cannot access a member of class api.EngineServerImpl with modifiers &quot;protected&quot;" type="java.lang.IllegalAccessException"><![CDATA[java.lang.IllegalAccessException: class EngineServerImplTest cannot access a member of class api.EngineServerImpl with modifiers "protected"
	at java.base/jdk.internal.reflect.Reflection.newIllegalAccessException(Reflection.java:394)
	at java.base/java.lang.reflect.AccessibleObject.checkAccess(AccessibleObject.java:714)
	at java.base/java.lang.reflect.Method.invoke(Method.java:571)
	at EngineServerImplTest.testHandleStart_MethodNotAllowed(EngineServerImplTest.java:99)
	at java.base/java.lang.reflect.Method.invoke(Method.java:580)
	at java.base/java.util.ArrayList.forEach(ArrayList.java:1596)
	at java.base/java.util.ArrayList.forEach(ArrayList.java:1596)
]]></error>
  </testcase>
  <testcase name="testHandleStart_Success" classname="EngineServerImplTest" time="0.01">
    <error message="class EngineServerImplTest cannot access a member of class api.EngineServerImpl with modifiers &quot;protected&quot;" type="java.lang.IllegalAccessException"><![CDATA[java.lang.IllegalAccessException: class EngineServerImplTest cannot access a member of class api.EngineServerImpl with modifiers "protected"
	at java.base/jdk.internal.reflect.Reflection.newIllegalAccessException(Reflection.java:394)
	at java.base/java.lang.reflect.AccessibleObject.checkAccess(AccessibleObject.java:714)
	at java.base/java.lang.reflect.Method.invoke(Method.java:571)
	at EngineServerImplTest.testHandleStart_Success(EngineServerImplTest.java:43)
	at java.base/java.lang.reflect.Method.invoke(Method.java:580)
	at java.base/java.util.ArrayList.forEach(ArrayList.java:1596)
	at java.base/java.util.ArrayList.forEach(ArrayList.java:1596)
]]></error>
  </testcase>
  <testcase name="testHandleComplete_Success" classname="EngineServerImplTest" time="0.002">
    <error message="class EngineServerImplTest cannot access a member of class api.EngineServerImpl with modifiers &quot;protected&quot;" type="java.lang.IllegalAccessException"><![CDATA[java.lang.IllegalAccessException: class EngineServerImplTest cannot access a member of class api.EngineServerImpl with modifiers "protected"
	at java.base/jdk.internal.reflect.Reflection.newIllegalAccessException(Reflection.java:394)
	at java.base/java.lang.reflect.AccessibleObject.checkAccess(AccessibleObject.java:714)
	at java.base/java.lang.reflect.Method.invoke(Method.java:571)
	at EngineServerImplTest.testHandleComplete_Success(EngineServerImplTest.java:62)
	at java.base/java.lang.reflect.Method.invoke(Method.java:580)
	at java.base/java.util.ArrayList.forEach(ArrayList.java:1596)
	at java.base/java.util.ArrayList.forEach(ArrayList.java:1596)
]]></error>
  </testcase>
</testsuite>